<?xml version="1.0" encoding="UTF-8"?>
<!-- Generated by org.testng.reporters.JUnitReportReporter -->
<testsuite hostname="DESKTOP-286IRRF" failures="0" tests="1" name="ASIS_TYPECODE_FEMS.ASIS_TYPECODE_FEMS.AssetGroupDetailsFEMS" time="24.774" errors="0" timestamp="2023-03-13T16:05:28 IST" skipped="0">
  <testcase classname="ASIS_TYPECODE_FEMS.ASIS_TYPECODE_FEMS.AssetGroupDetailsFEMS" name="assetgroup" time="24.774"/>
  <system-out/>
</testsuite> <!-- ASIS_TYPECODE_FEMS.ASIS_TYPECODE_FEMS.AssetGroupDetailsFEMS -->
