<?xml version="1.0" encoding="UTF-8"?>
<!-- Generated by org.testng.reporters.JUnitReportReporter -->
<testsuite hostname="DESKTOP-286IRRF" failures="0" tests="1" name="ASIS_TYPECODE_FEMS.ASIS_TYPECODE_FEMS.WorkGroupDetailsFEMS" time="28.661" errors="0" timestamp="2023-03-14T17:35:33 IST" skipped="0">
  <testcase classname="ASIS_TYPECODE_FEMS.ASIS_TYPECODE_FEMS.WorkGroupDetailsFEMS" name="workgroup" time="28.661"/>
  <system-out/>
</testsuite> <!-- ASIS_TYPECODE_FEMS.ASIS_TYPECODE_FEMS.WorkGroupDetailsFEMS -->
