<?xml version="1.0" encoding="UTF-8"?>
<!-- Generated by org.testng.reporters.JUnitReportReporter -->
<testsuite hostname="DESKTOP-286IRRF" failures="0" tests="1" name="ASIS_TYPECODE_FEMS.ASIS_TYPECODE_FEMS.excel" time="1.086" errors="0" timestamp="2023-03-13T09:38:44 IST" skipped="0">
  <testcase classname="ASIS_TYPECODE_FEMS.ASIS_TYPECODE_FEMS.excel" name="data" time="1.086"/>
  <system-out/>
</testsuite> <!-- ASIS_TYPECODE_FEMS.ASIS_TYPECODE_FEMS.excel -->
